#
# There is insufficient memory for the Java Runtime Environment to continue.
# Native memory allocation (malloc) failed to allocate 258400 bytes for Chunk::new
# Possible reasons:
#   The system is out of physical RAM or swap space
#   The process is running with CompressedOops enabled, and the Java Heap may be blocking the growth of the native heap
# Possible solutions:
#   Reduce memory load on the system
#   Increase physical memory or swap space
#   Check if swap backing store is full
#   Decrease Java heap size (-Xmx/-Xms)
#   Decrease number of Java threads
#   Decrease Java thread stack sizes (-Xss)
#   Set larger code cache with -XX:ReservedCodeCacheSize=
#   JVM is running with Unscaled Compressed Oops mode in which the Java heap is
#     placed in the first 4GB address space. The Java Heap base address is the
#     maximum limit for the native heap growth. Please use -XX:HeapBaseMinAddress
#     to set the Java Heap base and to place the Java Heap above 4GB virtual address.
# This output file may be truncated or incomplete.
#
#  Out of Memory Error (t:/workspace/open/src/hotspot/share/memory/arena.cpp:196), pid=4936, tid=4108
#
# JRE version: OpenJDK Runtime Environment (14.0+22) (build 14-ea+22-982)
# Java VM: OpenJDK 64-Bit Server VM (14-ea+22-982, mixed mode, sharing, tiered, compressed oops, g1 gc, windows-amd64)
# No core dump will be written. Minidumps are not enabled by default on client versions of Windows
#

---------------  S U M M A R Y ------------

Command Line: -Dclassworlds.conf=C:\Program Files\NetBeans-11.2\netbeans\java\maven\bin\m2.conf -Dmaven.home=C:\Program Files\NetBeans-11.2\netbeans\java\maven -Dmaven.multiModuleProjectDirectory=C:\Users\Krenna Wall\Documents\NetBeansProjects\mavenproject2 org.codehaus.plexus.classworlds.launcher.Launcher -Dmaven.ext.class.path=C:\Program Files\NetBeans-11.2\netbeans\java\maven-nblib\netbeans-eventspy.jar -Dfile.encoding=UTF-8 clean install

Host: Intel(R) Atom(TM) x5-Z8350  CPU @ 1.44GHz, 4 cores, 1G,  Windows 10 , 64 bit Build 17763 (10.0.17763.475)
Time: Wed Jan 15 21:21:36 2020 Afr. centrale Ouest elapsed time: 52 seconds (0d 0h 0m 52s)

---------------  T H R E A D  ---------------

Current thread (0x000001ec7f7b6000):  JavaThread "C2 CompilerThread0" daemon [_thread_in_native, id=4108, stack(0x00000005fa200000,0x00000005fa300000)]


Current CompileTask:
C2:  52226 2583       4       org.codehaus.plexus.util.xml.pull.MXParser::nextImpl (1202 bytes)

Stack: [0x00000005fa200000,0x00000005fa300000]
Native frames: (J=compiled Java code, j=interpreted, Vv=VM code, C=native code)
V  [jvm.dll+0x6385ca]
V  [jvm.dll+0x785e8a]
V  [jvm.dll+0x78763f]
V  [jvm.dll+0x787c83]
V  [jvm.dll+0x251288]
V  [jvm.dll+0xc3a27]
V  [jvm.dll+0xc3fac]
V  [jvm.dll+0x364a35]
V  [jvm.dll+0x32f763]
V  [jvm.dll+0x32eb3a]
V  [jvm.dll+0x20ac07]
V  [jvm.dll+0x209e2f]
V  [jvm.dll+0x18faec]
V  [jvm.dll+0x218f05]
V  [jvm.dll+0x2171ab]
V  [jvm.dll+0x749fc6]
V  [jvm.dll+0x742d8a]
V  [jvm.dll+0x637486]
C  [ucrtbase.dll+0x21ffa]
C  [KERNEL32.DLL+0x17974]
C  [ntdll.dll+0x6a271]


---------------  P R O C E S S  ---------------

Threads class SMR info:
_java_thread_list=0x000001ec7f9fc240, length=11, elements={
0x000001ec7d7de000, 0x000001ec7f792000, 0x000001ec7f793000, 0x000001ec7f7ae000,
0x000001ec7f7b2000, 0x000001ec7f7b6000, 0x000001ec7f7b7800, 0x000001ec7f81c800,
0x000001ec7fa05000, 0x000001ec7fa05800, 0x000001ec7fa14000
}

Java Threads: ( => current thread )
  0x000001ec7d7de000 JavaThread "main" [_thread_in_native, id=2824, stack(0x00000005f9700000,0x00000005f9800000)]
  0x000001ec7f792000 JavaThread "Reference Handler" daemon [_thread_blocked, id=7896, stack(0x00000005f9e00000,0x00000005f9f00000)]
  0x000001ec7f793000 JavaThread "Finalizer" daemon [_thread_blocked, id=7936, stack(0x00000005f9f00000,0x00000005fa000000)]
  0x000001ec7f7ae000 JavaThread "Signal Dispatcher" daemon [_thread_blocked, id=3936, stack(0x00000005fa000000,0x00000005fa100000)]
  0x000001ec7f7b2000 JavaThread "Attach Listener" daemon [_thread_blocked, id=1568, stack(0x00000005fa100000,0x00000005fa200000)]
=>0x000001ec7f7b6000 JavaThread "C2 CompilerThread0" daemon [_thread_in_native, id=4108, stack(0x00000005fa200000,0x00000005fa300000)]
  0x000001ec7f7b7800 JavaThread "C1 CompilerThread0" daemon [_thread_blocked, id=7080, stack(0x00000005fa300000,0x00000005fa400000)]
  0x000001ec7f81c800 JavaThread "Sweeper thread" daemon [_thread_blocked, id=4256, stack(0x00000005fa400000,0x00000005fa500000)]
  0x000001ec7fa05000 JavaThread "Service Thread" daemon [_thread_blocked, id=1260, stack(0x00000005fa500000,0x00000005fa600000)]
  0x000001ec7fa05800 JavaThread "Notification Thread" daemon [_thread_blocked, id=4388, stack(0x00000005fa600000,0x00000005fa700000)]
  0x000001ec7fa14000 JavaThread "Common-Cleaner" daemon [_thread_blocked, id=7592, stack(0x00000005fa800000,0x00000005fa900000)]

Other Threads:
  0x000001ec7d8ae800 VMThread "VM Thread" [stack: 0x00000005f9d00000,0x00000005f9e00000] [id=8044]
  0x000001ec7fa06800 WatcherThread [stack: 0x00000005fa700000,0x00000005fa800000] [id=4524]
  0x000001ec7d802800 GCTaskThread "GC Thread#0" [stack: 0x00000005f9800000,0x00000005f9900000] [id=4240]
  0x000001ec197c5000 GCTaskThread "GC Thread#1" [stack: 0x00000005fa900000,0x00000005faa00000] [id=7092]
  0x000001ec7d80a000 ConcurrentGCThread "G1 Main Marker" [stack: 0x00000005f9900000,0x00000005f9a00000] [id=6960]
  0x000001ec7d80b800 ConcurrentGCThread "G1 Conc#0" [stack: 0x00000005f9a00000,0x00000005f9b00000] [id=6976]
  0x000001ec7d849000 ConcurrentGCThread "G1 Refine#0" [stack: 0x00000005f9b00000,0x00000005f9c00000] [id=6828]
  0x000001ec7d84a000 ConcurrentGCThread "G1 Young RemSet Sampling" [stack: 0x00000005f9c00000,0x00000005f9d00000] [id=756]

Threads with active compile tasks:
C2 CompilerThread0    52362 2583       4       org.codehaus.plexus.util.xml.pull.MXParser::nextImpl (1202 bytes)
C1 CompilerThread0    52363 2611       3       jdk.internal.misc.Unsafe::objectFieldOffset (18 bytes)

VM state:not at safepoint (normal execution)

VM Mutex/Monitor currently owned by a thread: None

Heap address: 0x00000000e1200000, size: 494 MB, Compressed Oops mode: 32-bit
Narrow klass base: 0x0000000800000000, Narrow klass shift: 3
Compressed class space size: 1073741824 Address: 0x0000000800b10000

Heap:
 garbage-first heap   total 32768K, used 20281K [0x00000000e1200000, 0x0000000100000000)
  region size 1024K, 18 young (18432K), 3 survivors (3072K)
 Metaspace       used 19550K, capacity 20001K, committed 20224K, reserved 1067008K
  class space    used 2362K, capacity 2496K, committed 2560K, reserved 1048576K
Heap Regions: E=young(eden), S=young(survivor), O=old, HS=humongous(starts), HC=humongous(continues), CS=collection set, F=free, OA=open archive, CA=closed archive, TAMS=top-at-mark-start (previous, next)
|   0|0x00000000e1200000, 0x00000000e1300000, 0x00000000e1300000|100%| O|  |TAMS 0x00000000e1200000, 0x00000000e1200000| Untracked 
|   1|0x00000000e1300000, 0x00000000e1400000, 0x00000000e1400000|100%| O|  |TAMS 0x00000000e1300000, 0x00000000e1300000| Untracked 
|   2|0x00000000e1400000, 0x00000000e1500000, 0x00000000e1500000|100%| O|  |TAMS 0x00000000e1400000, 0x00000000e1400000| Untracked 
|   3|0x00000000e1500000, 0x00000000e15dd800, 0x00000000e1600000| 86%| O|  |TAMS 0x00000000e1500000, 0x00000000e1500000| Untracked 
|   4|0x00000000e1600000, 0x00000000e1600000, 0x00000000e1700000|  0%| F|  |TAMS 0x00000000e1600000, 0x00000000e1600000| Untracked 
|   5|0x00000000e1700000, 0x00000000e1700000, 0x00000000e1800000|  0%| F|  |TAMS 0x00000000e1700000, 0x00000000e1700000| Untracked 
|   6|0x00000000e1800000, 0x00000000e1800000, 0x00000000e1900000|  0%| F|  |TAMS 0x00000000e1800000, 0x00000000e1800000| Untracked 
|   7|0x00000000e1900000, 0x00000000e1900000, 0x00000000e1a00000|  0%| F|  |TAMS 0x00000000e1900000, 0x00000000e1900000| Untracked 
|   8|0x00000000e1a00000, 0x00000000e1a00000, 0x00000000e1b00000|  0%| F|  |TAMS 0x00000000e1a00000, 0x00000000e1a00000| Untracked 
|   9|0x00000000e1b00000, 0x00000000e1b00000, 0x00000000e1c00000|  0%| F|  |TAMS 0x00000000e1b00000, 0x00000000e1b00000| Untracked 
|  10|0x00000000e1c00000, 0x00000000e1cf0f50, 0x00000000e1d00000| 94%| S|CS|TAMS 0x00000000e1c00000, 0x00000000e1c00000| Complete 
|  11|0x00000000e1d00000, 0x00000000e1e00000, 0x00000000e1e00000|100%| S|CS|TAMS 0x00000000e1d00000, 0x00000000e1d00000| Complete 
|  12|0x00000000e1e00000, 0x00000000e1e00000, 0x00000000e1f00000|  0%| F|  |TAMS 0x00000000e1e00000, 0x00000000e1e00000| Untracked 
|  13|0x00000000e1f00000, 0x00000000e1f00000, 0x00000000e2000000|  0%| F|  |TAMS 0x00000000e1f00000, 0x00000000e1f00000| Untracked 
|  14|0x00000000e2000000, 0x00000000e2000000, 0x00000000e2100000|  0%| F|  |TAMS 0x00000000e2000000, 0x00000000e2000000| Untracked 
|  15|0x00000000e2100000, 0x00000000e2200000, 0x00000000e2200000|100%| S|CS|TAMS 0x00000000e2100000, 0x00000000e2100000| Complete 
|  16|0x00000000e2200000, 0x00000000e2200000, 0x00000000e2300000|  0%| F|  |TAMS 0x00000000e2200000, 0x00000000e2200000| Untracked 
|  17|0x00000000e2300000, 0x00000000e2352f08, 0x00000000e2400000| 32%| E|  |TAMS 0x00000000e2300000, 0x00000000e2300000| Complete 
|  18|0x00000000e2400000, 0x00000000e2500000, 0x00000000e2500000|100%| E|CS|TAMS 0x00000000e2400000, 0x00000000e2400000| Complete 
|  19|0x00000000e2500000, 0x00000000e2600000, 0x00000000e2600000|100%| E|CS|TAMS 0x00000000e2500000, 0x00000000e2500000| Complete 
|  20|0x00000000e2600000, 0x00000000e2700000, 0x00000000e2700000|100%| E|CS|TAMS 0x00000000e2600000, 0x00000000e2600000| Complete 
|  21|0x00000000e2700000, 0x00000000e2800000, 0x00000000e2800000|100%| E|CS|TAMS 0x00000000e2700000, 0x00000000e2700000| Complete 
|  22|0x00000000e2800000, 0x00000000e2900000, 0x00000000e2900000|100%| E|CS|TAMS 0x00000000e2800000, 0x00000000e2800000| Complete 
|  23|0x00000000e2900000, 0x00000000e2a00000, 0x00000000e2a00000|100%| E|  |TAMS 0x00000000e2900000, 0x00000000e2900000| Complete 
|  24|0x00000000e2a00000, 0x00000000e2b00000, 0x00000000e2b00000|100%| E|CS|TAMS 0x00000000e2a00000, 0x00000000e2a00000| Complete 
|  25|0x00000000e2b00000, 0x00000000e2c00000, 0x00000000e2c00000|100%| E|CS|TAMS 0x00000000e2b00000, 0x00000000e2b00000| Complete 
|  26|0x00000000e2c00000, 0x00000000e2d00000, 0x00000000e2d00000|100%| E|CS|TAMS 0x00000000e2c00000, 0x00000000e2c00000| Complete 
|  27|0x00000000e2d00000, 0x00000000e2e00000, 0x00000000e2e00000|100%| E|CS|TAMS 0x00000000e2d00000, 0x00000000e2d00000| Complete 
|  28|0x00000000e2e00000, 0x00000000e2f00000, 0x00000000e2f00000|100%| E|CS|TAMS 0x00000000e2e00000, 0x00000000e2e00000| Complete 
|  29|0x00000000e2f00000, 0x00000000e3000000, 0x00000000e3000000|100%| E|CS|TAMS 0x00000000e2f00000, 0x00000000e2f00000| Complete 
|  30|0x00000000e3000000, 0x00000000e3100000, 0x00000000e3100000|100%| E|CS|TAMS 0x00000000e3000000, 0x00000000e3000000| Complete 
|  31|0x00000000e3100000, 0x00000000e3200000, 0x00000000e3200000|100%| E|CS|TAMS 0x00000000e3100000, 0x00000000e3100000| Complete 

Card table byte_map: [0x000001ec7d8b0000,0x000001ec7d9b0000] _byte_map_base: 0x000001ec7d1a7000

Marking Bits (Prev, Next): (CMBitMap*) 0x000001ec7d8056b8, (CMBitMap*) 0x000001ec7d8056f8
 Prev Bits: [0x000001ec7dab0000, 0x000001ec7e268000)
 Next Bits: [0x000001ec7e270000, 0x000001ec7ea28000)

Polling page: 0x000001ec7b660000

Metaspace:

Usage:
  Non-class:     17.09 MB capacity,    16.79 MB ( 98%) used,   284.79 KB (  2%) free+waste,    27.19 KB ( <1%) overhead. 
      Class:      2.44 MB capacity,     2.31 MB ( 95%) used,   120.83 KB (  5%) free+waste,    12.44 KB ( <1%) overhead. 
       Both:     19.53 MB capacity,    19.10 MB ( 98%) used,   405.62 KB (  2%) free+waste,    39.63 KB ( <1%) overhead. 

Virtual space:
  Non-class space:       18.00 MB reserved,      17.25 MB ( 96%) committed 
      Class space:        1.00 GB reserved,       2.50 MB ( <1%) committed 
             Both:        1.02 GB reserved,      19.75 MB (  2%) committed 

Chunk freelists:
   Non-Class:  31.00 KB
       Class:  0 bytes
        Both:  31.00 KB

MaxMetaspaceSize: 17179869184.00 GB
CompressedClassSpaceSize: 1.00 GB

CodeHeap 'non-profiled nmethods': size=120000Kb used=920Kb max_used=920Kb free=119080Kb
 bounds [0x000001ec10060000, 0x000001ec102d0000, 0x000001ec17590000]
CodeHeap 'profiled nmethods': size=120000Kb used=5666Kb max_used=5666Kb free=114334Kb
 bounds [0x000001ec08b30000, 0x000001ec090c0000, 0x000001ec10060000]
CodeHeap 'non-nmethods': size=5760Kb used=1215Kb max_used=1232Kb free=4544Kb
 bounds [0x000001ec08590000, 0x000001ec08800000, 0x000001ec08b30000]
 total_blobs=3971 nmethods=2611 adapters=390
 compilation: enabled
              stopped_count=0, restarted_count=0
 full_count=0

Compilation events (20 events):
Event: 52.080 Thread 0x000001ec7f7b6000 nmethod 2576 0x000001ec10142390 code [0x000001ec10142680, 0x000001ec10143118]
Event: 52.080 Thread 0x000001ec7f7b6000 2577       4       java.nio.charset.CoderResult::isUnderflow (13 bytes)
Event: 52.081 Thread 0x000001ec7f7b6000 nmethod 2577 0x000001ec10143810 code [0x000001ec101439a0, 0x000001ec10143a18]
Event: 52.120 Thread 0x000001ec7f7b7800 2579 %     3       sun.nio.cs.UTF_8$Decoder::decodeArrayLoop @ 106 (691 bytes)
Event: 52.137 Thread 0x000001ec7f7b6000 2582       4       org.codehaus.plexus.util.xml.pull.MXParser::getName (84 bytes)
Event: 52.139 Thread 0x000001ec7f7b7800 nmethod 2579% 0x000001ec0909c690 code [0x000001ec0909d000, 0x000001ec090a32c8]
Event: 52.139 Thread 0x000001ec7f7b7800 2580       3       org.apache.maven.model.io.xpp3.MavenXpp3Reader::nextTag (64 bytes)
Event: 52.141 Thread 0x000001ec7f7b6000 nmethod 2582 0x000001ec10143b10 code [0x000001ec10143cc0, 0x000001ec10143dd8]
Event: 52.143 Thread 0x000001ec7f7b7800 nmethod 2580 0x000001ec090a5090 code [0x000001ec090a5340, 0x000001ec090a5f38]
Event: 52.143 Thread 0x000001ec7f7b7800 2581       3       org.apache.maven.model.io.xpp3.MavenXpp3Reader::interpolatedTrimmed (16 bytes)
Event: 52.143 Thread 0x000001ec7f7b6000 2583       4       org.codehaus.plexus.util.xml.pull.MXParser::nextImpl (1202 bytes)
Event: 52.144 Thread 0x000001ec7f7b7800 nmethod 2581 0x000001ec090a6390 code [0x000001ec090a6560, 0x000001ec090a6808]
Event: 52.144 Thread 0x000001ec7f7b7800 2584       3       org.codehaus.plexus.util.xml.pull.MXParser::getAttributeCount (15 bytes)
Event: 52.145 Thread 0x000001ec7f7b7800 nmethod 2584 0x000001ec090a6990 code [0x000001ec090a6b20, 0x000001ec090a6c98]
Event: 52.147 Thread 0x000001ec7f7b7800 2585       3       sun.nio.cs.UTF_8$Decoder::decodeArrayLoop (691 bytes)
Event: 52.168 Thread 0x000001ec7f7b7800 nmethod 2585 0x000001ec090a6d10 code [0x000001ec090a76c0, 0x000001ec090adfa8]
Event: 52.195 Thread 0x000001ec7f7b7800 2587       3       org.codehaus.plexus.util.xml.Xpp3Dom::getChildCount (20 bytes)
Event: 52.196 Thread 0x000001ec7f7b7800 nmethod 2587 0x000001ec090afd10 code [0x000001ec090afec0, 0x000001ec090b0108]
Event: 52.200 Thread 0x000001ec7f7b7800 2589       3       org.codehaus.plexus.util.xml.Xpp3Dom::addChild (32 bytes)
Event: 52.201 Thread 0x000001ec7f7b7800 nmethod 2589 0x000001ec090b0210 code [0x000001ec090b03e0, 0x000001ec090b0778]

GC Heap History (10 events):
Event: 13.253 GC heap before
{Heap before GC invocations=0 (full 0):
 garbage-first heap   total 32768K, used 14336K [0x00000000e1200000, 0x0000000100000000)
  region size 1024K, 14 young (14336K), 0 survivors (0K)
 Metaspace       used 3889K, capacity 7072K, committed 7296K, reserved 1056768K
  class space    used 462K, capacity 785K, committed 896K, reserved 1048576K
}
Event: 13.271 GC heap after
{Heap after GC invocations=1 (full 0):
 garbage-first heap   total 32768K, used 2961K [0x00000000e1200000, 0x0000000100000000)
  region size 1024K, 2 young (2048K), 2 survivors (2048K)
 Metaspace       used 3889K, capacity 7072K, committed 7296K, reserved 1056768K
  class space    used 462K, capacity 785K, committed 896K, reserved 1048576K
}
Event: 15.050 GC heap before
{Heap before GC invocations=1 (full 0):
 garbage-first heap   total 32768K, used 16273K [0x00000000e1200000, 0x0000000100000000)
  region size 1024K, 15 young (15360K), 2 survivors (2048K)
 Metaspace       used 4973K, capacity 7727K, committed 7936K, reserved 1056768K
  class space    used 623K, capacity 918K, committed 1024K, reserved 1048576K
}
Event: 15.065 GC heap after
{Heap after GC invocations=2 (full 0):
 garbage-first heap   total 32768K, used 3626K [0x00000000e1200000, 0x0000000100000000)
  region size 1024K, 1 young (1024K), 1 survivors (1024K)
 Metaspace       used 4973K, capacity 7727K, committed 7936K, reserved 1056768K
  class space    used 623K, capacity 918K, committed 1024K, reserved 1048576K
}
Event: 16.959 GC heap before
{Heap before GC invocations=2 (full 0):
 garbage-first heap   total 32768K, used 17962K [0x00000000e1200000, 0x0000000100000000)
  region size 1024K, 15 young (15360K), 1 survivors (1024K)
 Metaspace       used 7408K, capacity 9970K, committed 10240K, reserved 1058816K
  class space    used 917K, capacity 1218K, committed 1280K, reserved 1048576K
}
Event: 16.968 GC heap after
{Heap after GC invocations=3 (full 0):
 garbage-first heap   total 32768K, used 4146K [0x00000000e1200000, 0x0000000100000000)
  region size 1024K, 2 young (2048K), 2 survivors (2048K)
 Metaspace       used 7408K, capacity 9970K, committed 10240K, reserved 1058816K
  class space    used 917K, capacity 1218K, committed 1280K, reserved 1048576K
}
Event: 29.556 GC heap before
{Heap before GC invocations=3 (full 0):
 garbage-first heap   total 32768K, used 18482K [0x00000000e1200000, 0x0000000100000000)
  region size 1024K, 17 young (17408K), 2 survivors (2048K)
 Metaspace       used 10002K, capacity 12314K, committed 12672K, reserved 1060864K
  class space    used 1254K, capacity 1543K, committed 1664K, reserved 1048576K
}
Event: 29.575 GC heap after
{Heap after GC invocations=4 (full 0):
 garbage-first heap   total 32768K, used 5334K [0x00000000e1200000, 0x0000000100000000)
  region size 1024K, 3 young (3072K), 3 survivors (3072K)
 Metaspace       used 10002K, capacity 12314K, committed 12672K, reserved 1060864K
  class space    used 1254K, capacity 1543K, committed 1664K, reserved 1048576K
}
Event: 38.663 GC heap before
{Heap before GC invocations=4 (full 0):
 garbage-first heap   total 32768K, used 20694K [0x00000000e1200000, 0x0000000100000000)
  region size 1024K, 19 young (19456K), 3 survivors (3072K)
 Metaspace       used 14695K, capacity 15120K, committed 15232K, reserved 1062912K
  class space    used 1731K, capacity 1895K, committed 1920K, reserved 1048576K
}
Event: 38.692 GC heap after
{Heap after GC invocations=5 (full 0):
 garbage-first heap   total 32768K, used 6969K [0x00000000e1200000, 0x0000000100000000)
  region size 1024K, 3 young (3072K), 3 survivors (3072K)
 Metaspace       used 14695K, capacity 15120K, committed 15232K, reserved 1062912K
  class space    used 1731K, capacity 1895K, committed 1920K, reserved 1048576K
}

Deoptimization events (20 events):
Event: 52.004 Thread 0x000001ec7d7de000 Uncommon trap: trap_request=0xffffffde fr.pc=0x000001ec1012dbe8 relative=0x0000000000000488
Event: 52.004 Thread 0x000001ec7d7de000 Uncommon trap: reason=class_check action=maybe_recompile pc=0x000001ec1012dbe8 method=java.util.regex.Matcher.search(I)Z @ 121 c2
Event: 52.005 Thread 0x000001ec7d7de000 DEOPT PACKING pc=0x000001ec1012dbe8 sp=0x00000005f97fd410
Event: 52.005 Thread 0x000001ec7d7de000 DEOPT UNPACKING pc=0x000001ec085d9429 sp=0x00000005f97fd3c0 mode 2
Event: 52.117 Thread 0x000001ec7d7de000 Uncommon trap: trap_request=0xffffff45 fr.pc=0x000001ec10074004 relative=0x0000000000000164
Event: 52.117 Thread 0x000001ec7d7de000 Uncommon trap: reason=unstable_if action=reinterpret pc=0x000001ec10074004 method=java.lang.StringCoding.hasNegatives([BII)Z @ 12 c2
Event: 52.117 Thread 0x000001ec7d7de000 DEOPT PACKING pc=0x000001ec10074004 sp=0x00000005f97fd240
Event: 52.117 Thread 0x000001ec7d7de000 DEOPT UNPACKING pc=0x000001ec085d9429 sp=0x00000005f97fd1d0 mode 2
Event: 52.118 Thread 0x000001ec7d7de000 Uncommon trap: trap_request=0xffffffde fr.pc=0x000001ec1012dbe8 relative=0x0000000000000488
Event: 52.118 Thread 0x000001ec7d7de000 Uncommon trap: reason=class_check action=maybe_recompile pc=0x000001ec1012dbe8 method=java.util.regex.Matcher.search(I)Z @ 121 c2
Event: 52.119 Thread 0x000001ec7d7de000 DEOPT PACKING pc=0x000001ec1012dbe8 sp=0x00000005f97fd410
Event: 52.119 Thread 0x000001ec7d7de000 DEOPT UNPACKING pc=0x000001ec085d9429 sp=0x00000005f97fd3c0 mode 2
Event: 52.120 Thread 0x000001ec7d7de000 Uncommon trap: trap_request=0xffffff45 fr.pc=0x000001ec101429fc relative=0x000000000000037c
Event: 52.120 Thread 0x000001ec7d7de000 Uncommon trap: reason=unstable_if action=reinterpret pc=0x000001ec101429fc method=sun.nio.cs.UTF_8$Decoder.decodeArrayLoop(Ljava/nio/ByteBuffer;Ljava/nio/CharBuffer;)Ljava/nio/charset/CoderResult; @ 84 c2
Event: 52.120 Thread 0x000001ec7d7de000 DEOPT PACKING pc=0x000001ec101429fc sp=0x00000005f97fd010
Event: 52.120 Thread 0x000001ec7d7de000 DEOPT UNPACKING pc=0x000001ec085d9429 sp=0x00000005f97fcf68 mode 2
Event: 52.147 Thread 0x000001ec7d7de000 Uncommon trap: trap_request=0xffffff45 fr.pc=0x000001ec10140334 relative=0x0000000000000494
Event: 52.147 Thread 0x000001ec7d7de000 Uncommon trap: reason=unstable_if action=reinterpret pc=0x000001ec10140334 method=sun.nio.cs.UTF_8$Decoder.decodeArrayLoop(Ljava/nio/ByteBuffer;Ljava/nio/CharBuffer;)Ljava/nio/charset/CoderResult; @ 84 c2
Event: 52.147 Thread 0x000001ec7d7de000 DEOPT PACKING pc=0x000001ec10140334 sp=0x00000005f97fce60
Event: 52.147 Thread 0x000001ec7d7de000 DEOPT UNPACKING pc=0x000001ec085d9429 sp=0x00000005f97fcde8 mode 2

Classes unloaded (0 events):
No events

Classes redefined (0 events):
No events

Internal exceptions (13 events):
Event: 8.401 Thread 0x000001ec7d7de000 Exception <a 'java/lang/NoSuchMethodError'{0x00000000e2cc7c40}: 'int java.lang.invoke.DirectMethodHandle$Holder.invokeSpecialIFC(java.lang.Object, java.lang.Object, int)'> (0x00000000e2cc7c40) 
thrown [t:/workspace/open/src/hotspot/share/interpreter/linkResolver.cpp, line 767]
Event: 26.847 Thread 0x000001ec7d7de000 Exception <a 'java/lang/NoClassDefFoundError'{0x00000000e26d4d98}: com/google/inject/servlet/ServletModuleTargetVisitor> (0x00000000e26d4d98) 
thrown [t:/workspace/open/src/hotspot/share/classfile/systemDictionary.cpp, line 216]
Event: 27.144 Thread 0x000001ec7d7de000 Exception <a 'java/lang/NoClassDefFoundError'{0x00000000e26d7af0}: javax/annotation/Priority> (0x00000000e26d7af0) 
thrown [t:/workspace/open/src/hotspot/share/classfile/systemDictionary.cpp, line 216]
Event: 30.074 Thread 0x000001ec7d7de000 Exception <a 'java/lang/NoSuchMethodError'{0x00000000e31e9f38}: 'java.lang.Object java.lang.invoke.DirectMethodHandle$Holder.invokeStaticInit(java.lang.Object, int, int, int, int)'> (0x00000000e31e9f38) 
thrown [t:/workspace/open/src/hotspot/share/interpreter/linkResolver.cpp, line 767]
Event: 30.829 Thread 0x000001ec7d7de000 Implicit null exception at 0x000001ec1010363d to 0x000001ec10103784
Event: 37.333 Thread 0x000001ec7d7de000 Exception <a 'java/lang/NoClassDefFoundError'{0x00000000e27211c0}: org/apache/log4j/Category> (0x00000000e27211c0) 
thrown [t:/workspace/open/src/hotspot/share/classfile/systemDictionary.cpp, line 216]
Event: 37.684 Thread 0x000001ec7d7de000 Exception <a 'sun/nio/fs/WindowsException'{0x00000000e2655738}> (0x00000000e2655738) 
thrown [t:/workspace/open/src/hotspot/share/prims/jni.cpp, line 600]
Event: 37.743 Thread 0x000001ec7d7de000 Exception <a 'java/lang/NoSuchMethodError'{0x00000000e26799c8}: 'int java.lang.invoke.DirectMethodHandle$Holder.invokeStaticInit(java.lang.Object, java.lang.Object, java.lang.Object, java.lang.Object)'> (0x00000000e26799c8) 
thrown [t:/workspace/open/src/hotspot/share/interpreter/linkResolver.cpp, line 767]
Event: 37.751 Thread 0x000001ec7d7de000 Exception <a 'java/lang/IncompatibleClassChangeError'{0x00000000e2682f50}: Found class java.lang.Object, but interface was expected> (0x00000000e2682f50) 
thrown [t:/workspace/open/src/hotspot/share/interpreter/linkResolver.cpp, line 833]
Event: 37.754 Thread 0x000001ec7d7de000 Exception <a 'java/lang/NoSuchMethodError'{0x00000000e2686358}: 'void java.lang.invoke.DirectMethodHandle$Holder.invokeStaticInit(java.lang.Object, java.lang.Object)'> (0x00000000e2686358) 
thrown [t:/workspace/open/src/hotspot/share/interpreter/linkResolver.cpp, line 767]
Event: 37.761 Thread 0x000001ec7d7de000 Exception <a 'java/lang/NoSuchMethodError'{0x00000000e268be18}: 'int java.lang.invoke.DirectMethodHandle$Holder.invokeStaticInit(java.lang.Object, java.lang.Object)'> (0x00000000e268be18) 
thrown [t:/workspace/open/src/hotspot/share/interpreter/linkResolver.cpp, line 767]
Event: 39.092 Thread 0x000001ec7d7de000 Exception <a 'java/lang/NoSuchMethodError'{0x00000000e306bf68}: 'java.lang.Object java.lang.invoke.DirectMethodHandle$Holder.invokeStaticInit(java.lang.Object, java.lang.Object, int, int, int, int)'> (0x00000000e306bf68) 
thrown [t:/workspace/open/src/hotspot/share/interpreter/linkResolver.cpp, line 767]
Event: 39.521 Thread 0x000001ec7d7de000 Implicit null exception at 0x000001ec1010dfb4 to 0x000001ec1010e520

Events (20 events):
Event: 51.782 loading class sun/util/locale/provider/TimeZoneNameUtility
Event: 51.784 loading class sun/util/locale/provider/TimeZoneNameUtility done
Event: 51.784 loading class sun/util/locale/provider/TimeZoneNameUtility$TimeZoneNameGetter
Event: 51.785 loading class sun/util/locale/provider/TimeZoneNameUtility$TimeZoneNameGetter done
Event: 51.787 loading class sun/util/cldr/CLDRTimeZoneNameProviderImpl
Event: 51.788 loading class sun/util/locale/provider/TimeZoneNameProviderImpl
Event: 51.788 loading class sun/util/locale/provider/TimeZoneNameProviderImpl done
Event: 51.788 loading class sun/util/cldr/CLDRTimeZoneNameProviderImpl done
Event: 51.795 loading class sun/util/locale/provider/BaseLocaleDataMetaInfo
Event: 51.795 loading class sun/util/locale/provider/BaseLocaleDataMetaInfo done
Event: 51.802 loading class sun/util/resources/cldr/TimeZoneNames
Event: 51.802 loading class sun/util/resources/TimeZoneNamesBundle
Event: 51.802 loading class sun/util/resources/OpenListResourceBundle
Event: 51.803 loading class sun/util/resources/OpenListResourceBundle done
Event: 51.803 loading class sun/util/resources/TimeZoneNamesBundle done
Event: 51.803 loading class sun/util/resources/cldr/TimeZoneNames done
Event: 51.803 loading class sun/util/resources/cldr/TimeZoneNames_en
Event: 51.811 loading class sun/util/resources/cldr/TimeZoneNames_en done
Event: 51.812 loading class sun/util/resources/cldr/TimeZoneNames_en_US
Event: 51.812 loading class sun/util/resources/cldr/TimeZoneNames_en_US done


Dynamic libraries:
0x00007ff66f9c0000 - 0x00007ff66f9cd000 	C:\Program Files\Java\jdk1.8.0_231\bin\java.exe
0x00007ffddfc20000 - 0x00007ffddfe0d000 	C:\Windows\SYSTEM32\ntdll.dll
0x00007ffddf670000 - 0x00007ffddf723000 	C:\Windows\System32\KERNEL32.DLL
0x00007ffddc210000 - 0x00007ffddc4a3000 	C:\Windows\System32\KERNELBASE.dll
0x00007ffddc600000 - 0x00007ffddc6fa000 	C:\Windows\System32\ucrtbase.dll
0x00007ffdd3a10000 - 0x00007ffdd3a27000 	C:\Program Files\Java\jdk1.8.0_231\bin\jli.dll
0x00007ffddf730000 - 0x00007ffddf8c7000 	C:\Windows\System32\USER32.dll
0x00007ffddc1f0000 - 0x00007ffddc210000 	C:\Windows\System32\win32u.dll
0x00007ffdde750000 - 0x00007ffdde779000 	C:\Windows\System32\GDI32.dll
0x00007ffddc050000 - 0x00007ffddc1ea000 	C:\Windows\System32\gdi32full.dll
0x00007ffddc4b0000 - 0x00007ffddc550000 	C:\Windows\System32\msvcp_win.dll
0x00007ffdca6f0000 - 0x00007ffdca969000 	C:\Windows\WinSxS\amd64_microsoft.windows.common-controls_6595b64144ccf1df_6.0.17763.529_none_05b84068071c8d5a\COMCTL32.dll
0x00007ffdde6b0000 - 0x00007ffdde74e000 	C:\Windows\System32\msvcrt.dll
0x00007ffddf260000 - 0x00007ffddf58c000 	C:\Windows\System32\combase.dll
0x00007ffddef20000 - 0x00007ffddf042000 	C:\Windows\System32\RPCRT4.dll
0x00007ffddbfd0000 - 0x00007ffddc04e000 	C:\Windows\System32\bcryptPrimitives.dll
0x00007ffdd39f0000 - 0x00007ffdd3a05000 	C:\Program Files\Java\jdk1.8.0_231\bin\VCRUNTIME140.dll
0x00007ffddeec0000 - 0x00007ffddeeee000 	C:\Windows\System32\IMM32.DLL
0x00007ffdd0520000 - 0x00007ffdd05bb000 	C:\Program Files\Java\jdk1.8.0_231\bin\msvcp140.dll
0x00007ffdb6640000 - 0x00007ffdb71b8000 	C:\Program Files\Java\jdk1.8.0_231\bin\server\jvm.dll
0x00007ffddf0f0000 - 0x00007ffddf193000 	C:\Windows\System32\ADVAPI32.dll
0x00007ffddf050000 - 0x00007ffddf0ee000 	C:\Windows\System32\sechost.dll
0x00007ffddf1a0000 - 0x00007ffddf1a8000 	C:\Windows\System32\PSAPI.DLL
0x00007ffdda7f0000 - 0x00007ffdda7f9000 	C:\Windows\SYSTEM32\WSOCK32.dll
0x00007ffdded80000 - 0x00007ffddeded000 	C:\Windows\System32\WS2_32.dll
0x00007ffdd9af0000 - 0x00007ffdd9b14000 	C:\Windows\SYSTEM32\WINMM.dll
0x00007ffdc8d90000 - 0x00007ffdc8d9a000 	C:\Windows\SYSTEM32\VERSION.dll
0x00007ffdd99d0000 - 0x00007ffdd99fd000 	C:\Windows\SYSTEM32\WINMMBASE.dll
0x00007ffddbcf0000 - 0x00007ffddbd3a000 	C:\Windows\System32\cfgmgr32.dll
0x00007ffddbcd0000 - 0x00007ffddbce1000 	C:\Windows\System32\kernel.appcore.dll
0x00007ffdd0fb0000 - 0x00007ffdd0fd5000 	C:\Program Files\Java\jdk1.8.0_231\bin\java.dll
0x00007ffdda5e0000 - 0x00007ffdda7cd000 	C:\Windows\SYSTEM32\DBGHELP.DLL
0x00007ffdc81b0000 - 0x00007ffdc81da000 	C:\Windows\SYSTEM32\dbgcore.DLL
0x00007ffdd39e0000 - 0x00007ffdd39ea000 	C:\Program Files\Java\jdk1.8.0_231\bin\jimage.dll
0x00007ffdd0f00000 - 0x00007ffdd0f17000 	C:\Program Files\Java\jdk1.8.0_231\bin\zip.dll
0x00007ffddceb0000 - 0x00007ffdde3a0000 	C:\Windows\System32\SHELL32.dll
0x00007ffddec60000 - 0x00007ffdded08000 	C:\Windows\System32\shcore.dll
0x00007ffddc700000 - 0x00007ffddce4a000 	C:\Windows\System32\windows.storage.dll
0x00007ffddbca0000 - 0x00007ffddbcc4000 	C:\Windows\System32\profapi.dll
0x00007ffddbc40000 - 0x00007ffddbc9d000 	C:\Windows\System32\powrprof.dll
0x00007ffddec00000 - 0x00007ffddec52000 	C:\Windows\System32\shlwapi.dll
0x00007ffddbf80000 - 0x00007ffddbf97000 	C:\Windows\System32\cryptsp.dll
0x00007ffdd09b0000 - 0x00007ffdd09c9000 	C:\Program Files\Java\jdk1.8.0_231\bin\net.dll
0x00007ffdcf890000 - 0x00007ffdcf981000 	C:\Windows\SYSTEM32\WINHTTP.dll
0x00007ffddb440000 - 0x00007ffddb4a7000 	C:\Windows\system32\mswsock.dll
0x00007ffdd08d0000 - 0x00007ffdd08e3000 	C:\Program Files\Java\jdk1.8.0_231\bin\nio.dll
0x00007ffdd30d0000 - 0x00007ffdd30e0000 	C:\Program Files\Java\jdk1.8.0_231\bin\verify.dll
0x00007ffdd0880000 - 0x00007ffdd08a5000 	C:\Program Files\Java\jdk1.8.0_231\bin\sunec.dll
0x00007ffddb000000 - 0x00007ffddb033000 	C:\Windows\system32\rsaenh.dll
0x00007ffddbfa0000 - 0x00007ffddbfc6000 	C:\Windows\System32\bcrypt.dll
0x00007ffddbb50000 - 0x00007ffddbb78000 	C:\Windows\SYSTEM32\USERENV.dll
0x00007ffddb610000 - 0x00007ffddb61c000 	C:\Windows\SYSTEM32\CRYPTBASE.dll
0x00007ffddb1a0000 - 0x00007ffddb1dd000 	C:\Windows\SYSTEM32\IPHLPAPI.DLL
0x00007ffdded10000 - 0x00007ffdded18000 	C:\Windows\System32\NSI.dll
0x00007ffdd26c0000 - 0x00007ffdd26d6000 	C:\Windows\SYSTEM32\dhcpcsvc6.DLL
0x00007ffdd3310000 - 0x00007ffdd332c000 	C:\Windows\SYSTEM32\dhcpcsvc.DLL
0x00007ffddb1e0000 - 0x00007ffddb2a6000 	C:\Windows\SYSTEM32\DNSAPI.dll
0x00007ffdcffe0000 - 0x00007ffdcffea000 	C:\Windows\System32\rasadhlp.dll
0x00007ffdcfd80000 - 0x00007ffdcfdf9000 	C:\Windows\System32\fwpuclnt.dll
0x00007ffdd2a80000 - 0x00007ffdd2a8e000 	C:\Program Files\Java\jdk1.8.0_231\bin\sunmscapi.dll
0x00007ffddbda0000 - 0x00007ffddbf7b000 	C:\Windows\System32\CRYPT32.dll
0x00007ffddbc20000 - 0x00007ffddbc32000 	C:\Windows\System32\MSASN1.dll
0x00007ffddb710000 - 0x00007ffddb736000 	C:\Windows\SYSTEM32\ncrypt.dll
0x00007ffddb6d0000 - 0x00007ffddb70c000 	C:\Windows\SYSTEM32\NTASN1.dll

dbghelp: loaded successfully - version: 4.0.5 - missing functions: none
symbol engine: initialized successfully - sym options: 0x614 - pdb path: .;C:\Program Files\Java\jdk1.8.0_231\bin;C:\Windows\SYSTEM32;C:\Windows\WinSxS\amd64_microsoft.windows.common-controls_6595b64144ccf1df_6.0.17763.529_none_05b84068071c8d5a;C:\Program Files\Java\jdk1.8.0_231\bin\server

VM Arguments:
jvm_args: -Dclassworlds.conf=C:\Program Files\NetBeans-11.2\netbeans\java\maven\bin\m2.conf -Dmaven.home=C:\Program Files\NetBeans-11.2\netbeans\java\maven -Dmaven.multiModuleProjectDirectory=C:\Users\Krenna Wall\Documents\NetBeansProjects\mavenproject2 
java_command: org.codehaus.plexus.classworlds.launcher.Launcher -Dmaven.ext.class.path=C:\Program Files\NetBeans-11.2\netbeans\java\maven-nblib\netbeans-eventspy.jar -Dfile.encoding=UTF-8 clean install
java_class_path (initial): C:\Program Files\NetBeans-11.2\netbeans\java\maven\boot\plexus-classworlds-2.5.2.jar
Launcher Type: SUN_STANDARD

[Global flags]
     intx CICompilerCount                          = 3                                         {product} {ergonomic}
     uint ConcGCThreads                            = 1                                         {product} {ergonomic}
     uint G1ConcRefinementThreads                  = 4                                         {product} {ergonomic}
   size_t G1HeapRegionSize                         = 1048576                                   {product} {ergonomic}
    uintx GCDrainStackTargetSize                   = 64                                        {product} {ergonomic}
   size_t InitialHeapSize                          = 33554432                                  {product} {ergonomic}
   size_t MarkStackSize                            = 4194304                                   {product} {ergonomic}
   size_t MaxHeapSize                              = 517996544                                 {product} {ergonomic}
   size_t MaxNewSize                               = 310378496                                 {product} {ergonomic}
   size_t MinHeapDeltaBytes                        = 1048576                                   {product} {ergonomic}
   size_t MinHeapSize                              = 8388608                                   {product} {ergonomic}
    uintx NonNMethodCodeHeapSize                   = 5832780                                {pd product} {ergonomic}
    uintx NonProfiledCodeHeapSize                  = 122912730                              {pd product} {ergonomic}
    uintx ProfiledCodeHeapSize                     = 122912730                              {pd product} {ergonomic}
    uintx ReservedCodeCacheSize                    = 251658240                              {pd product} {ergonomic}
     bool SegmentedCodeCache                       = true                                      {product} {ergonomic}
   size_t SoftMaxHeapSize                          = 517996544                              {manageable} {ergonomic}
     bool UseCompressedClassPointers               = true                                 {lp64_product} {ergonomic}
     bool UseCompressedOops                        = true                                 {lp64_product} {ergonomic}
     bool UseG1GC                                  = true                                      {product} {ergonomic}
     bool UseLargePagesIndividualAllocation        = false                                  {pd product} {ergonomic}

Logging:
Log output configuration:
 #0: stdout all=warning uptime,level,tags
 #1: stderr all=off uptime,level,tags

Environment Variables:
JAVA_HOME=C:\Program Files\Java\jdk1.8.0_231
PATH=C:\Windows\system32;C:\Windows;C:\Windows\System32\Wbem;C:\Windows\System32\WindowsPowerShell\v1.0\;C:\Windows\System32\OpenSSH\;C:\Program Files\nodejs\;C:\Program Files (x86)\Git\cmd;C:\Users\Krenna Wall\AppData\Local\Microsoft\WindowsApps;C:\Users\Krenna Wall\AppData\Roaming\npm;C:\Program Files\JetBrains\PhpStorm 2019.2.1\bin;
USERNAME=Krenna Wall
OS=Windows_NT
PROCESSOR_IDENTIFIER=Intel64 Family 6 Model 76 Stepping 4, GenuineIntel



---------------  S Y S T E M  ---------------

OS: Windows 10 , 64 bit Build 17763 (10.0.17763.475)

CPU:total 4 (initial active 4) (4 cores per cpu, 1 threads per core) family 6 model 76 stepping 4, cmov, cx8, fxsr, mmx, sse, sse2, sse3, ssse3, sse4.1, sse4.2, popcnt, aes, clmul, erms, 3dnowpref, tsc, tscinvbit

Memory: 4k page, system-wide physical 1972M (26M free)
TotalPageFile size 4081M (AvailPageFile size 1M)
current process WorkingSet (physical memory assigned to process): 97M, peak: 97M
current process commit charge ("private bytes"): 137M, peak: 137M

vm_info: OpenJDK 64-Bit Server VM (14-ea+22-982) for windows-amd64 JRE (14-ea+22-982), built on Nov  6 2019 15:05:35 by "mach5one" with unknown MS VC++:1916

END.
